{"C:\\react-on-lambda\\src\\index.js": {"path":"C:\\react-on-lambda\\src\\index.js","statementMap":{"0":{"start":{"line":4,"column":16},"end":{"line":8,"column":1}},"1":{"start":{"line":5,"column":2},"end":{"line":7,"column":3}},"2":{"start":{"line":6,"column":4},"end":{"line":6,"column":43}},"3":{"start":{"line":10,"column":22},"end":{"line":34,"column":1}},"4":{"start":{"line":10,"column":33},"end":{"line":34,"column":1}},"5":{"start":{"line":11,"column":31},"end":{"line":11,"column":35}},"6":{"start":{"line":12,"column":19},"end":{"line":12,"column":62}},"7":{"start":{"line":13,"column":18},"end":{"line":13,"column":38}},"8":{"start":{"line":14,"column":17},"end":{"line":14,"column":43}},"9":{"start":{"line":15,"column":18},"end":{"line":15,"column":49}},"10":{"start":{"line":17,"column":2},"end":{"line":19,"column":3}},"11":{"start":{"line":18,"column":4},"end":{"line":18,"column":39}},"12":{"start":{"line":20,"column":2},"end":{"line":24,"column":3}},"13":{"start":{"line":21,"column":4},"end":{"line":23,"column":5}},"14":{"start":{"line":21,"column":26},"end":{"line":23,"column":5}},"15":{"start":{"line":25,"column":2},"end":{"line":29,"column":3}},"16":{"start":{"line":26,"column":4},"end":{"line":28,"column":5}},"17":{"start":{"line":31,"column":2},"end":{"line":33,"column":3}},"18":{"start":{"line":36,"column":26},"end":{"line":40,"column":1}},"19":{"start":{"line":36,"column":34},"end":{"line":40,"column":1}},"20":{"start":{"line":37,"column":2},"end":{"line":39,"column":34}},"21":{"start":{"line":42,"column":15},"end":{"line":42,"column":32}},"22":{"start":{"line":44,"column":0},"end":{"line":46,"column":1}},"23":{"start":{"line":45,"column":2},"end":{"line":45,"column":50}},"24":{"start":{"line":48,"column":0},"end":{"line":52,"column":1}},"25":{"start":{"line":48,"column":29},"end":{"line":52,"column":1}},"26":{"start":{"line":49,"column":2},"end":{"line":51,"column":3}},"27":{"start":{"line":50,"column":17},"end":{"line":50,"column":24}},"28":{"start":{"line":54,"column":15},"end":{"line":59,"column":1}},"29":{"start":{"line":54,"column":21},"end":{"line":59,"column":1}},"30":{"start":{"line":55,"column":23},"end":{"line":57,"column":19}},"31":{"start":{"line":58,"column":2},"end":{"line":58,"column":25}},"32":{"start":{"line":61,"column":0},"end":{"line":65,"column":1}},"33":{"start":{"line":62,"column":2},"end":{"line":64,"column":34}},"34":{"start":{"line":64,"column":14},"end":{"line":64,"column":34}},"35":{"start":{"line":67,"column":0},"end":{"line":72,"column":1}},"36":{"start":{"line":68,"column":13},"end":{"line":70,"column":54}},"37":{"start":{"line":68,"column":22},"end":{"line":70,"column":54}},"38":{"start":{"line":69,"column":24},"end":{"line":69,"column":48}},"39":{"start":{"line":70,"column":33},"end":{"line":70,"column":53}},"40":{"start":{"line":71,"column":2},"end":{"line":71,"column":29}},"41":{"start":{"line":74,"column":0},"end":{"line":76,"column":1}},"42":{"start":{"line":75,"column":2},"end":{"line":75,"column":28}},"43":{"start":{"line":78,"column":16},"end":{"line":84,"column":1}},"44":{"start":{"line":80,"column":4},"end":{"line":82,"column":31}}},"fnMap":{"0":{"name":"(anonymous_0)","decl":{"start":{"line":4,"column":16},"end":{"line":4,"column":17}},"loc":{"start":{"line":5,"column":2},"end":{"line":7,"column":3}},"line":5},"1":{"name":"(anonymous_1)","decl":{"start":{"line":5,"column":19},"end":{"line":5,"column":20}},"loc":{"start":{"line":6,"column":4},"end":{"line":6,"column":43}},"line":6},"2":{"name":"(anonymous_2)","decl":{"start":{"line":10,"column":22},"end":{"line":10,"column":23}},"loc":{"start":{"line":10,"column":33},"end":{"line":34,"column":1}},"line":10},"3":{"name":"(anonymous_3)","decl":{"start":{"line":10,"column":33},"end":{"line":10,"column":34}},"loc":{"start":{"line":10,"column":46},"end":{"line":34,"column":1}},"line":10},"4":{"name":"(anonymous_4)","decl":{"start":{"line":21,"column":11},"end":{"line":21,"column":12}},"loc":{"start":{"line":21,"column":26},"end":{"line":23,"column":5}},"line":21},"5":{"name":"(anonymous_5)","decl":{"start":{"line":36,"column":26},"end":{"line":36,"column":27}},"loc":{"start":{"line":36,"column":34},"end":{"line":40,"column":1}},"line":36},"6":{"name":"(anonymous_6)","decl":{"start":{"line":36,"column":34},"end":{"line":36,"column":35}},"loc":{"start":{"line":36,"column":47},"end":{"line":40,"column":1}},"line":36},"7":{"name":"(anonymous_7)","decl":{"start":{"line":44,"column":18},"end":{"line":44,"column":19}},"loc":{"start":{"line":45,"column":2},"end":{"line":45,"column":50}},"line":45},"8":{"name":"(anonymous_8)","decl":{"start":{"line":48,"column":17},"end":{"line":48,"column":18}},"loc":{"start":{"line":48,"column":29},"end":{"line":52,"column":1}},"line":48},"9":{"name":"(anonymous_9)","decl":{"start":{"line":48,"column":29},"end":{"line":48,"column":30}},"loc":{"start":{"line":49,"column":2},"end":{"line":51,"column":3}},"line":49},"10":{"name":"(anonymous_10)","decl":{"start":{"line":50,"column":4},"end":{"line":50,"column":5}},"loc":{"start":{"line":50,"column":17},"end":{"line":50,"column":24}},"line":50},"11":{"name":"(anonymous_11)","decl":{"start":{"line":54,"column":15},"end":{"line":54,"column":16}},"loc":{"start":{"line":54,"column":21},"end":{"line":59,"column":1}},"line":54},"12":{"name":"(anonymous_12)","decl":{"start":{"line":54,"column":21},"end":{"line":54,"column":22}},"loc":{"start":{"line":54,"column":38},"end":{"line":59,"column":1}},"line":54},"13":{"name":"(anonymous_13)","decl":{"start":{"line":61,"column":16},"end":{"line":61,"column":17}},"loc":{"start":{"line":61,"column":31},"end":{"line":65,"column":1}},"line":61},"14":{"name":"(anonymous_14)","decl":{"start":{"line":64,"column":6},"end":{"line":64,"column":7}},"loc":{"start":{"line":64,"column":14},"end":{"line":64,"column":34}},"line":64},"15":{"name":"(anonymous_15)","decl":{"start":{"line":67,"column":15},"end":{"line":67,"column":16}},"loc":{"start":{"line":67,"column":37},"end":{"line":72,"column":1}},"line":67},"16":{"name":"(anonymous_16)","decl":{"start":{"line":68,"column":13},"end":{"line":68,"column":14}},"loc":{"start":{"line":68,"column":22},"end":{"line":70,"column":54}},"line":68},"17":{"name":"(anonymous_17)","decl":{"start":{"line":69,"column":16},"end":{"line":69,"column":17}},"loc":{"start":{"line":69,"column":24},"end":{"line":69,"column":48}},"line":69},"18":{"name":"(anonymous_18)","decl":{"start":{"line":70,"column":16},"end":{"line":70,"column":17}},"loc":{"start":{"line":70,"column":33},"end":{"line":70,"column":53}},"line":70},"19":{"name":"(anonymous_19)","decl":{"start":{"line":74,"column":16},"end":{"line":74,"column":17}},"loc":{"start":{"line":75,"column":2},"end":{"line":75,"column":28}},"line":75},"20":{"name":"(anonymous_20)","decl":{"start":{"line":79,"column":2},"end":{"line":79,"column":3}},"loc":{"start":{"line":79,"column":17},"end":{"line":83,"column":3}},"line":79}},"branchMap":{"0":{"loc":{"start":{"line":5,"column":2},"end":{"line":7,"column":3}},"type":"binary-expr","locations":[{"start":{"line":5,"column":2},"end":{"line":5,"column":6}},{"start":{"line":5,"column":10},"end":{"line":7,"column":3}}],"line":5},"1":{"loc":{"start":{"line":6,"column":4},"end":{"line":6,"column":43}},"type":"cond-expr","locations":[{"start":{"line":6,"column":32},"end":{"line":6,"column":37}},{"start":{"line":6,"column":40},"end":{"line":6,"column":43}}],"line":6},"2":{"loc":{"start":{"line":12,"column":19},"end":{"line":12,"column":62}},"type":"binary-expr","locations":[{"start":{"line":12,"column":19},"end":{"line":12,"column":33}},{"start":{"line":12,"column":37},"end":{"line":12,"column":62}}],"line":12},"3":{"loc":{"start":{"line":14,"column":17},"end":{"line":14,"column":43}},"type":"binary-expr","locations":[{"start":{"line":14,"column":17},"end":{"line":14,"column":25}},{"start":{"line":14,"column":29},"end":{"line":14,"column":43}}],"line":14},"4":{"loc":{"start":{"line":15,"column":18},"end":{"line":15,"column":49}},"type":"binary-expr","locations":[{"start":{"line":15,"column":18},"end":{"line":15,"column":26}},{"start":{"line":15,"column":30},"end":{"line":15,"column":37}},{"start":{"line":15,"column":41},"end":{"line":15,"column":49}}],"line":15},"5":{"loc":{"start":{"line":17,"column":2},"end":{"line":19,"column":3}},"type":"if","locations":[{"start":{"line":17,"column":2},"end":{"line":19,"column":3}},{"start":{"line":17,"column":2},"end":{"line":19,"column":3}}],"line":17},"6":{"loc":{"start":{"line":20,"column":2},"end":{"line":24,"column":3}},"type":"if","locations":[{"start":{"line":20,"column":2},"end":{"line":24,"column":3}},{"start":{"line":20,"column":2},"end":{"line":24,"column":3}}],"line":20},"7":{"loc":{"start":{"line":20,"column":6},"end":{"line":20,"column":33}},"type":"binary-expr","locations":[{"start":{"line":20,"column":6},"end":{"line":20,"column":13}},{"start":{"line":20,"column":17},"end":{"line":20,"column":33}}],"line":20},"8":{"loc":{"start":{"line":25,"column":2},"end":{"line":29,"column":3}},"type":"if","locations":[{"start":{"line":25,"column":2},"end":{"line":29,"column":3}},{"start":{"line":25,"column":2},"end":{"line":29,"column":3}}],"line":25},"9":{"loc":{"start":{"line":37,"column":9},"end":{"line":39,"column":34}},"type":"cond-expr","locations":[{"start":{"line":38,"column":6},"end":{"line":38,"column":42}},{"start":{"line":39,"column":6},"end":{"line":39,"column":34}}],"line":37},"10":{"loc":{"start":{"line":37,"column":9},"end":{"line":37,"column":31}},"type":"binary-expr","locations":[{"start":{"line":37,"column":9},"end":{"line":37,"column":16}},{"start":{"line":37,"column":20},"end":{"line":37,"column":31}}],"line":37},"11":{"loc":{"start":{"line":55,"column":23},"end":{"line":57,"column":19}},"type":"cond-expr","locations":[{"start":{"line":56,"column":6},"end":{"line":56,"column":10}},{"start":{"line":57,"column":6},"end":{"line":57,"column":19}}],"line":55},"12":{"loc":{"start":{"line":62,"column":9},"end":{"line":64,"column":34}},"type":"cond-expr","locations":[{"start":{"line":63,"column":6},"end":{"line":63,"column":27}},{"start":{"line":64,"column":6},"end":{"line":64,"column":34}}],"line":62},"13":{"loc":{"start":{"line":68,"column":22},"end":{"line":70,"column":54}},"type":"cond-expr","locations":[{"start":{"line":69,"column":6},"end":{"line":69,"column":49}},{"start":{"line":70,"column":6},"end":{"line":70,"column":54}}],"line":68},"14":{"loc":{"start":{"line":71,"column":9},"end":{"line":71,"column":29}},"type":"cond-expr","locations":[{"start":{"line":71,"column":16},"end":{"line":71,"column":24}},{"start":{"line":71,"column":27},"end":{"line":71,"column":29}}],"line":71},"15":{"loc":{"start":{"line":75,"column":2},"end":{"line":75,"column":28}},"type":"binary-expr","locations":[{"start":{"line":75,"column":2},"end":{"line":75,"column":6}},{"start":{"line":75,"column":10},"end":{"line":75,"column":13}},{"start":{"line":75,"column":17},"end":{"line":75,"column":20}},{"start":{"line":75,"column":24},"end":{"line":75,"column":28}}],"line":75},"16":{"loc":{"start":{"line":80,"column":11},"end":{"line":82,"column":31}},"type":"cond-expr","locations":[{"start":{"line":81,"column":8},"end":{"line":81,"column":17}},{"start":{"line":82,"column":8},"end":{"line":82,"column":31}}],"line":80}},"s":{"0":1,"1":37,"2":54,"3":1,"4":40,"5":40,"6":40,"7":40,"8":40,"9":40,"10":40,"11":2,"12":38,"13":5,"14":4,"15":33,"16":20,"17":13,"18":1,"19":35,"20":40,"21":1,"22":1,"23":0,"24":1,"25":6,"26":5,"27":13,"28":1,"29":6,"30":12,"31":12,"32":1,"33":6,"34":4,"35":1,"36":4,"37":4,"38":6,"39":2,"40":4,"41":1,"42":4,"43":1,"44":55},"f":{"0":37,"1":54,"2":40,"3":40,"4":4,"5":35,"6":40,"7":0,"8":6,"9":5,"10":13,"11":6,"12":12,"13":6,"14":4,"15":4,"16":4,"17":6,"18":2,"19":4,"20":55},"b":{"0":[37,37],"1":[3,51],"2":[40,40],"3":[40,25],"4":[40,25,23],"5":[2,38],"6":[5,33],"7":[38,18],"8":[20,13],"9":[0,40],"10":[40,38],"11":[4,8],"12":[2,4],"13":[3,1],"14":[1,3],"15":[4,2,2,1],"16":[20,35]},"_coverageSchema":"43e27e138ebf9cfc5966b082cf9a028302ed4184","hash":"55d1ce9f970ab4cafe2e4db40436bb56a4e70622"}
}
