TN:
SF:C:\react-on-lambda\src\index.js
FN:4,(anonymous_0)
FN:5,(anonymous_1)
FN:10,(anonymous_2)
FN:10,(anonymous_3)
FN:21,(anonymous_4)
FN:36,(anonymous_5)
FN:36,(anonymous_6)
FN:44,(anonymous_7)
FN:48,(anonymous_8)
FN:48,(anonymous_9)
FN:50,(anonymous_10)
FN:54,(anonymous_11)
FN:54,(anonymous_12)
FN:61,(anonymous_13)
FN:64,(anonymous_14)
FN:67,(anonymous_15)
FN:68,(anonymous_16)
FN:69,(anonymous_17)
FN:70,(anonymous_18)
FN:74,(anonymous_19)
FN:79,(anonymous_20)
FNF:21
FNH:20
FNDA:37,(anonymous_0)
FNDA:54,(anonymous_1)
FNDA:40,(anonymous_2)
FNDA:40,(anonymous_3)
FNDA:4,(anonymous_4)
FNDA:35,(anonymous_5)
FNDA:40,(anonymous_6)
FNDA:0,(anonymous_7)
FNDA:6,(anonymous_8)
FNDA:5,(anonymous_9)
FNDA:13,(anonymous_10)
FNDA:6,(anonymous_11)
FNDA:12,(anonymous_12)
FNDA:6,(anonymous_13)
FNDA:4,(anonymous_14)
FNDA:4,(anonymous_15)
FNDA:4,(anonymous_16)
FNDA:6,(anonymous_17)
FNDA:2,(anonymous_18)
FNDA:4,(anonymous_19)
FNDA:55,(anonymous_20)
DA:4,1
DA:5,37
DA:6,54
DA:10,40
DA:11,40
DA:12,40
DA:13,40
DA:14,40
DA:15,40
DA:17,40
DA:18,2
DA:20,38
DA:21,5
DA:25,33
DA:26,20
DA:31,13
DA:36,35
DA:37,40
DA:42,1
DA:44,1
DA:45,0
DA:48,6
DA:49,5
DA:50,13
DA:54,6
DA:55,12
DA:58,12
DA:61,1
DA:62,6
DA:64,4
DA:67,1
DA:68,4
DA:69,6
DA:70,2
DA:71,4
DA:74,1
DA:75,4
DA:78,1
DA:80,55
LF:39
LH:38
BRDA:5,0,0,37
BRDA:5,0,1,37
BRDA:6,1,0,3
BRDA:6,1,1,51
BRDA:12,2,0,40
BRDA:12,2,1,40
BRDA:14,3,0,40
BRDA:14,3,1,25
BRDA:15,4,0,40
BRDA:15,4,1,25
BRDA:15,4,2,23
BRDA:17,5,0,2
BRDA:17,5,1,38
BRDA:20,6,0,5
BRDA:20,6,1,33
BRDA:20,7,0,38
BRDA:20,7,1,18
BRDA:25,8,0,20
BRDA:25,8,1,13
BRDA:37,9,0,0
BRDA:37,9,1,40
BRDA:37,10,0,40
BRDA:37,10,1,38
BRDA:55,11,0,4
BRDA:55,11,1,8
BRDA:62,12,0,2
BRDA:62,12,1,4
BRDA:68,13,0,3
BRDA:68,13,1,1
BRDA:71,14,0,1
BRDA:71,14,1,3
BRDA:75,15,0,4
BRDA:75,15,1,2
BRDA:75,15,2,2
BRDA:75,15,3,1
BRDA:80,16,0,20
BRDA:80,16,1,35
BRF:37
BRH:36
end_of_record
